
> cms-api@1.0.0 build D:\laragon\www\cms-expressjs-nextjs2\apps\api
> tsc

src/index.ts(25,37): error TS2307: Cannot find module '../../packages/plugins/pages/src/index.ts' or its corresponding type declarations.
src/index.ts(26,36): error TS2307: Cannot find module '../../packages/plugins/blog/src/index.ts' or its corresponding type declarations.
src/index.ts(27,37): error TS2307: Cannot find module '../../packages/plugins/media/src/index.ts' or its corresponding type declarations.
src/index.ts(28,36): error TS2307: Cannot find module '../../packages/plugins/menu/src/index.ts' or its corresponding type declarations.
src/index.ts(29,39): error TS2307: Cannot find module '../../packages/plugins/widgets/src/index.ts' or its corresponding type declarations.
src/index.ts(30,38): error TS2307: Cannot find module '../../packages/plugins/themes/src/index.ts' or its corresponding type declarations.
src/index.ts(31,38): error TS2307: Cannot find module '../../packages/plugins/system/src/index.ts' or its corresponding type declarations.
src/index.ts(32,44): error TS2307: Cannot find module '../../packages/plugins/translations/src/index.ts' or its corresponding type declarations.
 ELIFECYCLE  Command failed with exit code 2.
